16:34:30 DEBUG : Logs will be stored at 'C:/Users/12302093/AppData/Roaming/Xilinx/Vivado/myproj/Vitis2/IDE.log'.
16:34:36 INFO  : Launching XSCT server: xsct.bat -n  -interactive C:\Users\12302093\AppData\Roaming\Xilinx\Vivado\myproj\Vitis2\temp_xsdb_launch_script.tcl
16:34:36 INFO  : Registering command handlers for Vitis TCF services
16:34:36 INFO  : Platform repository initialization has completed.
16:34:36 ERROR : (XSDB Server)'\gnu\microblaze\lin\bin\' is not recognized as an internal or external command,
operable program or batch file.

16:34:36 ERROR : (XSDB Server)'\gnu\microblaze\nt\bin\' is not recognized as an internal or external command,
operable program or batch file.

16:34:36 ERROR : (XSDB Server)'\gnuwin\bin\' is not recognized as an internal or external command,
operable program or batch file.

16:34:41 INFO  : XSCT server has started successfully.
16:34:41 INFO  : plnx-install-location is set to ''
16:34:41 INFO  : Successfully done setting XSCT server connection channel  
16:34:41 INFO  : Successfully done query RDI_DATADIR 
16:34:41 INFO  : Successfully done setting workspace for the tool. 
16:49:26 DEBUG : Logs will be stored at 'C:/Users/12302093/AppData/Roaming/Xilinx/Vivado/myproj/Vitis2/IDE.log'.
16:49:30 INFO  : Launching XSCT server: xsct.bat -n  -interactive C:\Users\12302093\AppData\Roaming\Xilinx\Vivado\myproj\Vitis2\temp_xsdb_launch_script.tcl
16:49:30 ERROR : (XSDB Server)'\gnu\microblaze\lin\bin\' is not recognized as an internal or external command,
operable program or batch file.

16:49:30 ERROR : (XSDB Server)'\gnu\microblaze\nt\bin\' is not recognized as an internal or external command,
operable program or batch file.

16:49:30 ERROR : (XSDB Server)'\gnuwin\bin\' is not recognized as an internal or external command,
operable program or batch file.

16:49:30 INFO  : Platform repository initialization has completed.
16:49:31 INFO  : Registering command handlers for Vitis TCF services
16:49:35 INFO  : XSCT server has started successfully.
16:49:35 INFO  : plnx-install-location is set to ''
16:49:35 INFO  : Successfully done setting XSCT server connection channel  
16:49:35 INFO  : Successfully done query RDI_DATADIR 
16:49:35 INFO  : Successfully done setting workspace for the tool. 
16:52:30 INFO  : Result from executing command 'getProjects': VivadoHDMIUDP
16:52:30 INFO  : Result from executing command 'getPlatforms': 
16:52:30 WARN  : An unexpected exception occurred in the module 'platform project logging'
16:52:30 INFO  : Platform 'VivadoHDMIUDP' is added to custom repositories.
16:52:47 INFO  : Platform 'VivadoHDMIUDP' is added to custom repositories.
